<?xml version="1.0" encoding="utf-8"?><testsuites name="pytest tests"><testsuite name="pytest" errors="0" failures="1" skipped="0" tests="8" time="4.434" timestamp="2026-04-28T20:18:37.278149+00:00" hostname="agent-env-66778e21-3c62-4853-a471-7af8872d5324"><testcase classname="backend.tests.test_subscription.TestPlan" name="test_plan_public_shape" time="0.286" /><testcase classname="backend.tests.test_subscription.TestMySubscription" name="test_fresh_user_is_free_with_5_remaining" time="0.903" /><testcase classname="backend.tests.test_subscription.TestMySubscription" name="test_unauth" time="0.114" /><testcase classname="backend.tests.test_subscription.TestCheckout" name="test_creates_stripe_session_and_persists_tx" time="1.764"><failure message="AssertionError: Internal Server Error&#10;assert 500 == 200&#10; +  where 500 = &lt;Response [500]&gt;.status_code">backend/tests/test_subscription.py:90: in test_creates_stripe_session_and_persists_tx
    assert st.status_code == 200, st.text
E   AssertionError: Internal Server Error
E   assert 500 == 200
E    +  where 500 = &lt;Response [500]&gt;.status_code</failure></testcase><testcase classname="backend.tests.test_subscription.TestCheckout" name="test_checkout_requires_auth" time="0.124" /><testcase classname="backend.tests.test_subscription.TestCheckout" name="test_status_unknown_session_404" time="0.447" /><testcase classname="backend.tests.test_subscription.TestWebhook" name="test_invalid_signature_rejected" time="0.179" /><testcase classname="backend.tests.test_subscription.TestReferralCommissionFields" name="test_new_user_has_zero_earnings" time="0.513" /></testsuite></testsuites>