<?xml version="1.0" encoding="utf-8"?><testsuites name="pytest tests"><testsuite name="pytest" errors="0" failures="0" skipped="0" tests="21" time="23.196" timestamp="2026-04-28T12:52:26.661696+00:00" hostname="agent-env-66778e21-3c62-4853-a471-7af8872d5324"><testcase classname="backend.tests.backend_test" name="test_health" time="0.219" /><testcase classname="backend.tests.backend_test.TestAuth" name="test_register_new_user" time="0.330" /><testcase classname="backend.tests.backend_test.TestAuth" name="test_register_duplicate_email" time="0.063" /><testcase classname="backend.tests.backend_test.TestAuth" name="test_login_seeded_user" time="0.290" /><testcase classname="backend.tests.backend_test.TestAuth" name="test_login_wrong_password" time="0.292" /><testcase classname="backend.tests.backend_test.TestAuth" name="test_me_with_token" time="0.387" /><testcase classname="backend.tests.backend_test.TestAuth" name="test_me_without_token" time="0.121" /><testcase classname="backend.tests.backend_test.TestAuth" name="test_me_invalid_token" time="0.113" /><testcase classname="backend.tests.backend_test.TestTracks" name="test_list_tracks" time="0.061" /><testcase classname="backend.tests.backend_test.TestTracks" name="test_get_track_by_id" time="0.057" /><testcase classname="backend.tests.backend_test.TestTracks" name="test_get_track_not_found" time="0.056" /><testcase classname="backend.tests.backend_test" name="test_list_prompts" time="0.065" /><testcase classname="backend.tests.backend_test.TestChat" name="test_send_first_message_creates_session" time="4.476" /><testcase classname="backend.tests.backend_test.TestChat" name="test_list_sessions_includes_new" time="0.062" /><testcase classname="backend.tests.backend_test.TestChat" name="test_get_session_messages" time="0.072" /><testcase classname="backend.tests.backend_test.TestChat" name="test_multi_turn" time="15.578" /><testcase classname="backend.tests.backend_test.TestChat" name="test_empty_message_rejected" time="0.055" /><testcase classname="backend.tests.backend_test.TestChat" name="test_chat_requires_auth" time="0.140" /><testcase classname="backend.tests.backend_test.TestChat" name="test_delete_session" time="0.110" /><testcase classname="backend.tests.backend_test.TestReferral" name="test_my_referral" time="0.057" /><testcase classname="backend.tests.backend_test.TestReferral" name="test_register_with_referral_code_increments" time="0.416" /></testsuite></testsuites>